2020-04-25 16:22:55,927 INFO (StartupInfoLogger.java:55)- Starting PsWebApplication on LAPTOP-AJI0RPAF with PID 11716 (E:\作业\长沙大计-孕前优生检查系统\111\pregnancy_system\ps-web\target\classes started by FYQ in E:\作业\长沙大计-孕前优生检查系统\111\pregnancy_system)
2020-04-25 16:22:55,928 DEBUG (StartupInfoLogger.java:56)- Running with Spring Boot v2.2.6.RELEASE, Spring v5.2.5.RELEASE
2020-04-25 16:22:55,929 INFO (SpringApplication.java:651)- No active profile set, falling back to default profiles: default
2020-04-25 16:22:58,731 INFO (StartupInfoLogger.java:61)- Started PsWebApplication in 3.44 seconds (JVM running for 4.946)
2020-04-25 17:27:46,541 INFO (StartupInfoLogger.java:55)- Starting PsWebApplication on LAPTOP-AJI0RPAF with PID 8652 (E:\作业\长沙大计-孕前优生检查系统\system\pregnancy_system\ps-web\target\classes started by FYQ in E:\作业\长沙大计-孕前优生检查系统\system\pregnancy_system)
2020-04-25 17:27:46,542 DEBUG (StartupInfoLogger.java:56)- Running with Spring Boot v2.2.6.RELEASE, Spring v5.2.5.RELEASE
2020-04-25 17:27:46,543 INFO (SpringApplication.java:651)- No active profile set, falling back to default profiles: default
2020-04-25 17:27:49,408 INFO (StartupInfoLogger.java:61)- Started PsWebApplication in 3.33 seconds (JVM running for 5.011)
2020-04-25 17:28:19,773 INFO (StartupInfoLogger.java:55)- Starting PsWebApplication on LAPTOP-AJI0RPAF with PID 29352 (E:\作业\长沙大计-孕前优生检查系统\system\pregnancy_system\ps-web\target\classes started by FYQ in E:\作业\长沙大计-孕前优生检查系统\system\pregnancy_system)
2020-04-25 17:28:19,774 DEBUG (StartupInfoLogger.java:56)- Running with Spring Boot v2.2.6.RELEASE, Spring v5.2.5.RELEASE
2020-04-25 17:28:19,775 INFO (SpringApplication.java:651)- No active profile set, falling back to default profiles: default
2020-04-25 17:28:22,466 INFO (StartupInfoLogger.java:61)- Started PsWebApplication in 3.169 seconds (JVM running for 4.674)
2020-04-25 17:30:29,428 INFO (StartupInfoLogger.java:55)- Starting PsWebApplication on LAPTOP-AJI0RPAF with PID 21688 (E:\作业\长沙大计-孕前优生检查系统\system\pregnancy_system\ps-web\target\classes started by FYQ in E:\作业\长沙大计-孕前优生检查系统\system\pregnancy_system)
2020-04-25 17:30:29,428 DEBUG (StartupInfoLogger.java:56)- Running with Spring Boot v2.2.6.RELEASE, Spring v5.2.5.RELEASE
2020-04-25 17:30:29,429 INFO (SpringApplication.java:651)- No active profile set, falling back to default profiles: default
2020-04-25 17:30:32,165 INFO (StartupInfoLogger.java:61)- Started PsWebApplication in 3.159 seconds (JVM running for 4.738)
2020-04-25 17:32:35,084 INFO (StartupInfoLogger.java:55)- Starting PsWebApplication on LAPTOP-AJI0RPAF with PID 29128 (E:\作业\长沙大计-孕前优生检查系统\system\pregnancy_system\ps-web\target\classes started by FYQ in E:\作业\长沙大计-孕前优生检查系统\system\pregnancy_system)
2020-04-25 17:32:35,085 DEBUG (StartupInfoLogger.java:56)- Running with Spring Boot v2.2.6.RELEASE, Spring v5.2.5.RELEASE
2020-04-25 17:32:35,086 INFO (SpringApplication.java:651)- No active profile set, falling back to default profiles: default
2020-04-25 17:32:37,872 INFO (StartupInfoLogger.java:61)- Started PsWebApplication in 3.211 seconds (JVM running for 4.8)
2020-04-25 17:33:55,527 INFO (StartupInfoLogger.java:55)- Starting PsWebApplication on LAPTOP-AJI0RPAF with PID 24496 (E:\作业\长沙大计-孕前优生检查系统\system\pregnancy_system\ps-web\target\classes started by FYQ in E:\作业\长沙大计-孕前优生检查系统\system\pregnancy_system)
2020-04-25 17:33:55,531 DEBUG (StartupInfoLogger.java:56)- Running with Spring Boot v2.2.6.RELEASE, Spring v5.2.5.RELEASE
2020-04-25 17:33:55,534 INFO (SpringApplication.java:651)- No active profile set, falling back to default profiles: default
2020-04-25 17:33:58,471 INFO (StartupInfoLogger.java:61)- Started PsWebApplication in 3.458 seconds (JVM running for 5.018)
2020-04-25 17:35:12,742 INFO (StartupInfoLogger.java:55)- Starting PsWebApplication on LAPTOP-AJI0RPAF with PID 25068 (E:\作业\长沙大计-孕前优生检查系统\system\pregnancy_system\ps-web\target\classes started by FYQ in E:\作业\长沙大计-孕前优生检查系统\system\pregnancy_system)
2020-04-25 17:35:12,744 DEBUG (StartupInfoLogger.java:56)- Running with Spring Boot v2.2.6.RELEASE, Spring v5.2.5.RELEASE
2020-04-25 17:35:12,745 INFO (SpringApplication.java:651)- No active profile set, falling back to default profiles: default
2020-04-25 17:35:15,532 INFO (StartupInfoLogger.java:61)- Started PsWebApplication in 3.19 seconds (JVM running for 4.71)
2020-04-25 17:36:26,493 INFO (StartupInfoLogger.java:55)- Starting PsWebApplication on LAPTOP-AJI0RPAF with PID 30536 (E:\作业\长沙大计-孕前优生检查系统\system\pregnancy_system\ps-web\target\classes started by FYQ in E:\作业\长沙大计-孕前优生检查系统\system\pregnancy_system)
2020-04-25 17:36:26,493 DEBUG (StartupInfoLogger.java:56)- Running with Spring Boot v2.2.6.RELEASE, Spring v5.2.5.RELEASE
2020-04-25 17:36:26,494 INFO (SpringApplication.java:651)- No active profile set, falling back to default profiles: default
2020-04-25 17:36:29,460 INFO (StartupInfoLogger.java:61)- Started PsWebApplication in 3.4 seconds (JVM running for 4.905)
2020-04-25 17:37:50,671 INFO (StartupInfoLogger.java:55)- Starting PsWebApplication on LAPTOP-AJI0RPAF with PID 9972 (E:\作业\长沙大计-孕前优生检查系统\system\pregnancy_system\ps-web\target\classes started by FYQ in E:\作业\长沙大计-孕前优生检查系统\system\pregnancy_system)
2020-04-25 17:37:50,672 DEBUG (StartupInfoLogger.java:56)- Running with Spring Boot v2.2.6.RELEASE, Spring v5.2.5.RELEASE
2020-04-25 17:37:50,674 INFO (SpringApplication.java:651)- No active profile set, falling back to default profiles: default
2020-04-25 17:37:53,459 INFO (StartupInfoLogger.java:61)- Started PsWebApplication in 3.342 seconds (JVM running for 4.973)
2020-04-25 17:38:40,787 INFO (StartupInfoLogger.java:55)- Starting PsWebApplication on LAPTOP-AJI0RPAF with PID 22564 (E:\作业\长沙大计-孕前优生检查系统\system\pregnancy_system\ps-web\target\classes started by FYQ in E:\作业\长沙大计-孕前优生检查系统\system\pregnancy_system)
2020-04-25 17:38:40,788 DEBUG (StartupInfoLogger.java:56)- Running with Spring Boot v2.2.6.RELEASE, Spring v5.2.5.RELEASE
2020-04-25 17:38:40,793 INFO (SpringApplication.java:651)- No active profile set, falling back to default profiles: default
2020-04-25 17:38:43,515 INFO (StartupInfoLogger.java:61)- Started PsWebApplication in 3.219 seconds (JVM running for 4.984)
2020-04-25 17:40:16,258 INFO (StartupInfoLogger.java:55)- Starting PsWebApplication on LAPTOP-AJI0RPAF with PID 13352 (E:\作业\长沙大计-孕前优生检查系统\system\pregnancy_system\ps-web\target\classes started by FYQ in E:\作业\长沙大计-孕前优生检查系统\system\pregnancy_system)
2020-04-25 17:40:16,262 DEBUG (StartupInfoLogger.java:56)- Running with Spring Boot v2.2.6.RELEASE, Spring v5.2.5.RELEASE
2020-04-25 17:40:16,262 INFO (SpringApplication.java:651)- No active profile set, falling back to default profiles: default
2020-04-25 17:40:19,090 INFO (StartupInfoLogger.java:61)- Started PsWebApplication in 3.3 seconds (JVM running for 4.853)
2020-04-25 17:41:52,562 INFO (StartupInfoLogger.java:55)- Starting PsWebApplication on LAPTOP-AJI0RPAF with PID 23164 (E:\作业\长沙大计-孕前优生检查系统\system\pregnancy_system\ps-web\target\classes started by FYQ in E:\作业\长沙大计-孕前优生检查系统\system\pregnancy_system)
2020-04-25 17:41:52,562 DEBUG (StartupInfoLogger.java:56)- Running with Spring Boot v2.2.6.RELEASE, Spring v5.2.5.RELEASE
2020-04-25 17:41:52,563 INFO (SpringApplication.java:651)- No active profile set, falling back to default profiles: default
2020-04-25 17:42:06,053 INFO (StartupInfoLogger.java:55)- Starting PsWebApplication on LAPTOP-AJI0RPAF with PID 33252 (E:\作业\长沙大计-孕前优生检查系统\system\pregnancy_system\ps-web\target\classes started by FYQ in E:\作业\长沙大计-孕前优生检查系统\system\pregnancy_system)
2020-04-25 17:42:06,054 DEBUG (StartupInfoLogger.java:56)- Running with Spring Boot v2.2.6.RELEASE, Spring v5.2.5.RELEASE
2020-04-25 17:42:06,055 INFO (SpringApplication.java:651)- No active profile set, falling back to default profiles: default
2020-04-25 17:42:09,560 INFO (StartupInfoLogger.java:61)- Started PsWebApplication in 3.967 seconds (JVM running for 5.508)
2020-04-25 17:43:17,641 INFO (StartupInfoLogger.java:55)- Starting PsWebApplication on LAPTOP-AJI0RPAF with PID 10308 (E:\作业\长沙大计-孕前优生检查系统\system\pregnancy_system\ps-web\target\classes started by FYQ in E:\作业\长沙大计-孕前优生检查系统\system\pregnancy_system)
2020-04-25 17:43:17,642 DEBUG (StartupInfoLogger.java:56)- Running with Spring Boot v2.2.6.RELEASE, Spring v5.2.5.RELEASE
2020-04-25 17:43:17,643 INFO (SpringApplication.java:651)- No active profile set, falling back to default profiles: default
2020-04-25 17:43:20,400 INFO (StartupInfoLogger.java:61)- Started PsWebApplication in 3.133 seconds (JVM running for 4.678)
2020-04-25 17:44:31,681 INFO (StartupInfoLogger.java:55)- Starting PsWebApplication on LAPTOP-AJI0RPAF with PID 22484 (E:\作业\长沙大计-孕前优生检查系统\system\pregnancy_system\ps-web\target\classes started by FYQ in E:\作业\长沙大计-孕前优生检查系统\system\pregnancy_system)
2020-04-25 17:44:31,681 DEBUG (StartupInfoLogger.java:56)- Running with Spring Boot v2.2.6.RELEASE, Spring v5.2.5.RELEASE
2020-04-25 17:44:31,683 INFO (SpringApplication.java:651)- No active profile set, falling back to default profiles: default
2020-04-25 17:44:34,967 INFO (StartupInfoLogger.java:61)- Started PsWebApplication in 3.691 seconds (JVM running for 5.159)
2020-04-25 17:46:39,387 INFO (StartupInfoLogger.java:55)- Starting PsWebApplication on LAPTOP-AJI0RPAF with PID 36372 (E:\作业\长沙大计-孕前优生检查系统\system\pregnancy_system\ps-web\target\classes started by FYQ in E:\作业\长沙大计-孕前优生检查系统\system\pregnancy_system)
2020-04-25 17:46:39,398 DEBUG (StartupInfoLogger.java:56)- Running with Spring Boot v2.2.6.RELEASE, Spring v5.2.5.RELEASE
2020-04-25 17:46:39,400 INFO (SpringApplication.java:651)- No active profile set, falling back to default profiles: default
2020-04-25 17:46:43,312 INFO (StartupInfoLogger.java:61)- Started PsWebApplication in 4.39 seconds (JVM running for 5.859)
2020-04-25 17:47:32,941 INFO (StartupInfoLogger.java:55)- Starting PsWebApplication on LAPTOP-AJI0RPAF with PID 27484 (E:\作业\长沙大计-孕前优生检查系统\system\pregnancy_system\ps-web\target\classes started by FYQ in E:\作业\长沙大计-孕前优生检查系统\system\pregnancy_system)
2020-04-25 17:47:32,942 DEBUG (StartupInfoLogger.java:56)- Running with Spring Boot v2.2.6.RELEASE, Spring v5.2.5.RELEASE
2020-04-25 17:47:32,943 INFO (SpringApplication.java:651)- No active profile set, falling back to default profiles: default
2020-04-25 17:47:36,489 INFO (StartupInfoLogger.java:61)- Started PsWebApplication in 4.05 seconds (JVM running for 5.658)
2020-04-25 17:48:27,764 INFO (StartupInfoLogger.java:55)- Starting PsWebApplication on LAPTOP-AJI0RPAF with PID 21180 (E:\作业\长沙大计-孕前优生检查系统\system\pregnancy_system\ps-web\target\classes started by FYQ in E:\作业\长沙大计-孕前优生检查系统\system\pregnancy_system)
2020-04-25 17:48:27,765 DEBUG (StartupInfoLogger.java:56)- Running with Spring Boot v2.2.6.RELEASE, Spring v5.2.5.RELEASE
2020-04-25 17:48:27,766 INFO (SpringApplication.java:651)- No active profile set, falling back to default profiles: default
2020-04-25 17:48:30,820 INFO (StartupInfoLogger.java:61)- Started PsWebApplication in 3.461 seconds (JVM running for 5.102)
2020-04-25 17:50:39,180 INFO (StartupInfoLogger.java:55)- Starting PsWebApplication on LAPTOP-AJI0RPAF with PID 33908 (E:\作业\长沙大计-孕前优生检查系统\system\pregnancy_system\ps-web\target\classes started by FYQ in E:\作业\长沙大计-孕前优生检查系统\system\pregnancy_system)
2020-04-25 17:50:39,181 DEBUG (StartupInfoLogger.java:56)- Running with Spring Boot v2.2.6.RELEASE, Spring v5.2.5.RELEASE
2020-04-25 17:50:39,182 INFO (SpringApplication.java:651)- No active profile set, falling back to default profiles: default
2020-04-25 17:50:42,570 INFO (StartupInfoLogger.java:61)- Started PsWebApplication in 3.798 seconds (JVM running for 5.339)
2020-04-25 17:54:36,885 INFO (StartupInfoLogger.java:55)- Starting PsWebApplication on LAPTOP-AJI0RPAF with PID 20872 (E:\作业\长沙大计-孕前优生检查系统\system\pregnancy_system\ps-web\target\classes started by FYQ in E:\作业\长沙大计-孕前优生检查系统\system\pregnancy_system)
2020-04-25 17:54:36,886 DEBUG (StartupInfoLogger.java:56)- Running with Spring Boot v2.2.6.RELEASE, Spring v5.2.5.RELEASE
2020-04-25 17:54:36,886 INFO (SpringApplication.java:651)- No active profile set, falling back to default profiles: default
2020-04-25 17:54:40,190 INFO (StartupInfoLogger.java:61)- Started PsWebApplication in 3.781 seconds (JVM running for 5.369)
2020-04-25 17:56:14,929 INFO (StartupInfoLogger.java:55)- Starting PsWebApplication on LAPTOP-AJI0RPAF with PID 31708 (E:\作业\长沙大计-孕前优生检查系统\system\pregnancy_system\ps-web\target\classes started by FYQ in E:\作业\长沙大计-孕前优生检查系统\system\pregnancy_system)
2020-04-25 17:56:14,929 DEBUG (StartupInfoLogger.java:56)- Running with Spring Boot v2.2.6.RELEASE, Spring v5.2.5.RELEASE
2020-04-25 17:56:14,930 INFO (SpringApplication.java:651)- No active profile set, falling back to default profiles: default
2020-04-25 17:56:17,834 INFO (StartupInfoLogger.java:61)- Started PsWebApplication in 3.308 seconds (JVM running for 4.901)
2020-04-25 18:00:47,715 INFO (StartupInfoLogger.java:55)- Starting PsWebApplication on LAPTOP-AJI0RPAF with PID 17596 (E:\作业\长沙大计-孕前优生检查系统\system\pregnancy_system\ps-web\target\classes started by FYQ in E:\作业\长沙大计-孕前优生检查系统\system\pregnancy_system)
2020-04-25 18:00:47,716 DEBUG (StartupInfoLogger.java:56)- Running with Spring Boot v2.2.6.RELEASE, Spring v5.2.5.RELEASE
2020-04-25 18:00:47,716 INFO (SpringApplication.java:651)- No active profile set, falling back to default profiles: default
2020-04-25 18:00:51,081 INFO (StartupInfoLogger.java:61)- Started PsWebApplication in 4.009 seconds (JVM running for 5.918)
2020-04-25 18:02:18,805 INFO (StartupInfoLogger.java:55)- Starting PsWebApplication on LAPTOP-AJI0RPAF with PID 14212 (E:\作业\长沙大计-孕前优生检查系统\system\pregnancy_system\ps-web\target\classes started by FYQ in E:\作业\长沙大计-孕前优生检查系统\system\pregnancy_system)
2020-04-25 18:02:18,807 DEBUG (StartupInfoLogger.java:56)- Running with Spring Boot v2.2.6.RELEASE, Spring v5.2.5.RELEASE
2020-04-25 18:02:18,808 INFO (SpringApplication.java:651)- No active profile set, falling back to default profiles: default
2020-04-25 18:02:21,641 INFO (StartupInfoLogger.java:61)- Started PsWebApplication in 3.323 seconds (JVM running for 5.128)
2020-04-25 18:07:18,101 INFO (StartupInfoLogger.java:55)- Starting PsWebApplication on LAPTOP-AJI0RPAF with PID 21376 (E:\作业\长沙大计-孕前优生检查系统\system\pregnancy_system\ps-web\target\classes started by FYQ in E:\作业\长沙大计-孕前优生检查系统\system\pregnancy_system)
2020-04-25 18:07:18,101 DEBUG (StartupInfoLogger.java:56)- Running with Spring Boot v2.2.6.RELEASE, Spring v5.2.5.RELEASE
2020-04-25 18:07:18,102 INFO (SpringApplication.java:651)- No active profile set, falling back to default profiles: default
2020-04-25 18:07:21,080 INFO (StartupInfoLogger.java:61)- Started PsWebApplication in 3.356 seconds (JVM running for 5.127)
2020-04-25 18:10:51,151 INFO (StartupInfoLogger.java:55)- Starting PsWebApplication on LAPTOP-AJI0RPAF with PID 26136 (E:\作业\长沙大计-孕前优生检查系统\system\pregnancy_system\ps-web\target\classes started by FYQ in E:\作业\长沙大计-孕前优生检查系统\system\pregnancy_system)
2020-04-25 18:10:51,152 DEBUG (StartupInfoLogger.java:56)- Running with Spring Boot v2.2.6.RELEASE, Spring v5.2.5.RELEASE
2020-04-25 18:10:51,154 INFO (SpringApplication.java:651)- No active profile set, falling back to default profiles: default
2020-04-25 18:10:54,637 INFO (StartupInfoLogger.java:61)- Started PsWebApplication in 4.081 seconds (JVM running for 5.7)
2020-04-25 18:12:28,335 INFO (StartupInfoLogger.java:55)- Starting PsWebApplication on LAPTOP-AJI0RPAF with PID 21672 (E:\作业\长沙大计-孕前优生检查系统\system\pregnancy_system\ps-web\target\classes started by FYQ in E:\作业\长沙大计-孕前优生检查系统\system\pregnancy_system)
2020-04-25 18:12:28,336 DEBUG (StartupInfoLogger.java:56)- Running with Spring Boot v2.2.6.RELEASE, Spring v5.2.5.RELEASE
2020-04-25 18:12:28,337 INFO (SpringApplication.java:651)- No active profile set, falling back to default profiles: default
2020-04-25 18:12:31,506 INFO (StartupInfoLogger.java:61)- Started PsWebApplication in 3.62 seconds (JVM running for 5.247)
2020-04-25 18:25:01,476 INFO (StartupInfoLogger.java:55)- Starting PsWebApplication on LAPTOP-AJI0RPAF with PID 2528 (E:\作业\长沙大计-孕前优生检查系统\system\pregnancy_system\ps-web\target\classes started by FYQ in E:\作业\长沙大计-孕前优生检查系统\system\pregnancy_system)
2020-04-25 18:25:01,476 DEBUG (StartupInfoLogger.java:56)- Running with Spring Boot v2.2.6.RELEASE, Spring v5.2.5.RELEASE
2020-04-25 18:25:01,477 INFO (SpringApplication.java:651)- No active profile set, falling back to default profiles: default
2020-04-25 18:25:04,682 INFO (StartupInfoLogger.java:61)- Started PsWebApplication in 3.672 seconds (JVM running for 5.43)
2020-04-25 18:25:46,025 INFO (StartupInfoLogger.java:55)- Starting PsWebApplication on LAPTOP-AJI0RPAF with PID 18836 (E:\作业\长沙大计-孕前优生检查系统\system\pregnancy_system\ps-web\target\classes started by FYQ in E:\作业\长沙大计-孕前优生检查系统\system\pregnancy_system)
2020-04-25 18:25:46,026 DEBUG (StartupInfoLogger.java:56)- Running with Spring Boot v2.2.6.RELEASE, Spring v5.2.5.RELEASE
2020-04-25 18:25:46,029 INFO (SpringApplication.java:651)- No active profile set, falling back to default profiles: default
2020-04-25 18:25:49,110 INFO (StartupInfoLogger.java:61)- Started PsWebApplication in 3.498 seconds (JVM running for 5.215)
2020-04-25 18:27:59,176 INFO (StartupInfoLogger.java:55)- Starting PsWebApplication on LAPTOP-AJI0RPAF with PID 28708 (E:\作业\长沙大计-孕前优生检查系统\system\pregnancy_system\ps-web\target\classes started by FYQ in E:\作业\长沙大计-孕前优生检查系统\system\pregnancy_system)
2020-04-25 18:27:59,177 DEBUG (StartupInfoLogger.java:56)- Running with Spring Boot v2.2.6.RELEASE, Spring v5.2.5.RELEASE
2020-04-25 18:27:59,177 INFO (SpringApplication.java:651)- No active profile set, falling back to default profiles: default
2020-04-25 18:28:02,313 INFO (StartupInfoLogger.java:61)- Started PsWebApplication in 3.57 seconds (JVM running for 5.077)
2020-04-25 18:30:12,301 INFO (StartupInfoLogger.java:55)- Starting PsWebApplication on LAPTOP-AJI0RPAF with PID 19984 (E:\作业\长沙大计-孕前优生检查系统\system\pregnancy_system\ps-web\target\classes started by FYQ in E:\作业\长沙大计-孕前优生检查系统\system\pregnancy_system)
2020-04-25 18:30:12,302 DEBUG (StartupInfoLogger.java:56)- Running with Spring Boot v2.2.6.RELEASE, Spring v5.2.5.RELEASE
2020-04-25 18:30:12,304 INFO (SpringApplication.java:651)- No active profile set, falling back to default profiles: default
2020-04-25 18:30:15,455 INFO (StartupInfoLogger.java:61)- Started PsWebApplication in 3.582 seconds (JVM running for 5.113)
2020-04-25 18:30:46,215 INFO (StartupInfoLogger.java:55)- Starting PsWebApplication on LAPTOP-AJI0RPAF with PID 30928 (E:\作业\长沙大计-孕前优生检查系统\system\pregnancy_system\ps-web\target\classes started by FYQ in E:\作业\长沙大计-孕前优生检查系统\system\pregnancy_system)
2020-04-25 18:30:46,216 DEBUG (StartupInfoLogger.java:56)- Running with Spring Boot v2.2.6.RELEASE, Spring v5.2.5.RELEASE
2020-04-25 18:30:46,216 INFO (SpringApplication.java:651)- No active profile set, falling back to default profiles: default
2020-04-25 18:30:49,274 INFO (StartupInfoLogger.java:61)- Started PsWebApplication in 3.534 seconds (JVM running for 5.017)
2020-04-25 18:33:39,791 INFO (StartupInfoLogger.java:55)- Starting PsWebApplication on LAPTOP-AJI0RPAF with PID 14588 (E:\作业\长沙大计-孕前优生检查系统\system\pregnancy_system\ps-web\target\classes started by FYQ in E:\作业\长沙大计-孕前优生检查系统\system\pregnancy_system)
2020-04-25 18:33:39,792 DEBUG (StartupInfoLogger.java:56)- Running with Spring Boot v2.2.6.RELEASE, Spring v5.2.5.RELEASE
2020-04-25 18:33:39,793 INFO (SpringApplication.java:651)- No active profile set, falling back to default profiles: default
2020-04-25 18:33:42,720 INFO (StartupInfoLogger.java:61)- Started PsWebApplication in 3.389 seconds (JVM running for 5.007)
2020-04-25 18:39:01,013 INFO (StartupInfoLogger.java:55)- Starting PsWebApplication on LAPTOP-AJI0RPAF with PID 33768 (E:\作业\长沙大计-孕前优生检查系统\system\pregnancy_system\ps-web\target\classes started by FYQ in E:\作业\长沙大计-孕前优生检查系统\system\pregnancy_system)
2020-04-25 18:39:01,013 DEBUG (StartupInfoLogger.java:56)- Running with Spring Boot v2.2.6.RELEASE, Spring v5.2.5.RELEASE
2020-04-25 18:39:01,014 INFO (SpringApplication.java:651)- No active profile set, falling back to default profiles: default
2020-04-25 18:39:03,759 INFO (StartupInfoLogger.java:61)- Started PsWebApplication in 3.2 seconds (JVM running for 4.72)
2020-04-25 18:41:27,030 INFO (StartupInfoLogger.java:55)- Starting PsWebApplication on LAPTOP-AJI0RPAF with PID 20976 (E:\作业\长沙大计-孕前优生检查系统\system\pregnancy_system\ps-web\target\classes started by FYQ in E:\作业\长沙大计-孕前优生检查系统\system\pregnancy_system)
2020-04-25 18:41:27,031 DEBUG (StartupInfoLogger.java:56)- Running with Spring Boot v2.2.6.RELEASE, Spring v5.2.5.RELEASE
2020-04-25 18:41:27,032 INFO (SpringApplication.java:651)- No active profile set, falling back to default profiles: default
2020-04-25 18:41:30,195 INFO (StartupInfoLogger.java:61)- Started PsWebApplication in 3.57 seconds (JVM running for 5.528)
2020-04-25 18:42:21,369 INFO (StartupInfoLogger.java:55)- Starting PsWebApplication on LAPTOP-AJI0RPAF with PID 33972 (E:\作业\长沙大计-孕前优生检查系统\system\pregnancy_system\ps-web\target\classes started by FYQ in E:\作业\长沙大计-孕前优生检查系统\system\pregnancy_system)
2020-04-25 18:42:21,370 DEBUG (StartupInfoLogger.java:56)- Running with Spring Boot v2.2.6.RELEASE, Spring v5.2.5.RELEASE
2020-04-25 18:42:21,370 INFO (SpringApplication.java:651)- No active profile set, falling back to default profiles: default
2020-04-25 18:42:24,390 INFO (StartupInfoLogger.java:61)- Started PsWebApplication in 3.404 seconds (JVM running for 5.071)
2020-04-25 18:44:16,164 INFO (StartupInfoLogger.java:55)- Starting PsWebApplication on LAPTOP-AJI0RPAF with PID 27180 (E:\作业\长沙大计-孕前优生检查系统\system\pregnancy_system\ps-web\target\classes started by FYQ in E:\作业\长沙大计-孕前优生检查系统\system\pregnancy_system)
2020-04-25 18:44:16,165 DEBUG (StartupInfoLogger.java:56)- Running with Spring Boot v2.2.6.RELEASE, Spring v5.2.5.RELEASE
2020-04-25 18:44:16,166 INFO (SpringApplication.java:651)- No active profile set, falling back to default profiles: default
2020-04-25 18:44:19,238 INFO (StartupInfoLogger.java:61)- Started PsWebApplication in 3.48 seconds (JVM running for 4.953)
2020-04-25 18:45:11,874 INFO (StartupInfoLogger.java:55)- Starting PsWebApplication on LAPTOP-AJI0RPAF with PID 22752 (E:\作业\长沙大计-孕前优生检查系统\system\pregnancy_system\ps-web\target\classes started by FYQ in E:\作业\长沙大计-孕前优生检查系统\system\pregnancy_system)
2020-04-25 18:45:11,875 DEBUG (StartupInfoLogger.java:56)- Running with Spring Boot v2.2.6.RELEASE, Spring v5.2.5.RELEASE
2020-04-25 18:45:11,875 INFO (SpringApplication.java:651)- No active profile set, falling back to default profiles: default
2020-04-25 18:45:14,852 INFO (StartupInfoLogger.java:61)- Started PsWebApplication in 3.382 seconds (JVM running for 5.051)
2020-04-25 18:46:52,851 INFO (StartupInfoLogger.java:55)- Starting PsWebApplication on LAPTOP-AJI0RPAF with PID 10036 (E:\作业\长沙大计-孕前优生检查系统\system\pregnancy_system\ps-web\target\classes started by FYQ in E:\作业\长沙大计-孕前优生检查系统\system\pregnancy_system)
2020-04-25 18:46:52,852 DEBUG (StartupInfoLogger.java:56)- Running with Spring Boot v2.2.6.RELEASE, Spring v5.2.5.RELEASE
2020-04-25 18:46:52,854 INFO (SpringApplication.java:651)- No active profile set, falling back to default profiles: default
2020-04-25 18:46:55,881 INFO (StartupInfoLogger.java:61)- Started PsWebApplication in 3.503 seconds (JVM running for 5.191)
2020-04-25 18:47:43,301 INFO (StartupInfoLogger.java:55)- Starting PsWebApplication on LAPTOP-AJI0RPAF with PID 17872 (E:\作业\长沙大计-孕前优生检查系统\system\pregnancy_system\ps-web\target\classes started by FYQ in E:\作业\长沙大计-孕前优生检查系统\system\pregnancy_system)
2020-04-25 18:47:43,301 DEBUG (StartupInfoLogger.java:56)- Running with Spring Boot v2.2.6.RELEASE, Spring v5.2.5.RELEASE
2020-04-25 18:47:43,302 INFO (SpringApplication.java:651)- No active profile set, falling back to default profiles: default
2020-04-25 18:47:46,314 INFO (StartupInfoLogger.java:61)- Started PsWebApplication in 3.399 seconds (JVM running for 4.874)
2020-04-25 18:48:10,053 INFO (StartupInfoLogger.java:55)- Starting PsWebApplication on LAPTOP-AJI0RPAF with PID 29612 (E:\作业\长沙大计-孕前优生检查系统\system\pregnancy_system\ps-web\target\classes started by FYQ in E:\作业\长沙大计-孕前优生检查系统\system\pregnancy_system)
2020-04-25 18:48:10,055 DEBUG (StartupInfoLogger.java:56)- Running with Spring Boot v2.2.6.RELEASE, Spring v5.2.5.RELEASE
2020-04-25 18:48:10,056 INFO (SpringApplication.java:651)- No active profile set, falling back to default profiles: default
2020-04-25 18:48:13,329 INFO (StartupInfoLogger.java:61)- Started PsWebApplication in 3.733 seconds (JVM running for 5.47)
2020-04-25 19:27:38,308 INFO (StartupInfoLogger.java:55)- Starting PsWebApplication on LAPTOP-AJI0RPAF with PID 31100 (E:\作业\长沙大计-孕前优生检查系统\system\pregnancy_system\ps-web\target\classes started by FYQ in E:\作业\长沙大计-孕前优生检查系统\system\pregnancy_system)
2020-04-25 19:27:38,328 DEBUG (StartupInfoLogger.java:56)- Running with Spring Boot v2.2.6.RELEASE, Spring v5.2.5.RELEASE
2020-04-25 19:27:38,329 INFO (SpringApplication.java:651)- No active profile set, falling back to default profiles: default
2020-04-25 19:27:42,112 INFO (StartupInfoLogger.java:61)- Started PsWebApplication in 4.564 seconds (JVM running for 6.951)
2020-04-25 19:30:04,647 INFO (StartupInfoLogger.java:55)- Starting PsWebApplication on LAPTOP-AJI0RPAF with PID 30444 (E:\作业\长沙大计-孕前优生检查系统\system\pregnancy_system\ps-web\target\classes started by FYQ in E:\作业\长沙大计-孕前优生检查系统\system\pregnancy_system)
2020-04-25 19:30:04,648 DEBUG (StartupInfoLogger.java:56)- Running with Spring Boot v2.2.6.RELEASE, Spring v5.2.5.RELEASE
2020-04-25 19:30:04,649 INFO (SpringApplication.java:651)- No active profile set, falling back to default profiles: default
2020-04-25 19:30:07,597 INFO (StartupInfoLogger.java:61)- Started PsWebApplication in 3.35 seconds (JVM running for 4.827)
2020-04-25 19:31:08,091 INFO (StartupInfoLogger.java:55)- Starting PsWebApplication on LAPTOP-AJI0RPAF with PID 31392 (E:\作业\长沙大计-孕前优生检查系统\system\pregnancy_system\ps-web\target\classes started by FYQ in E:\作业\长沙大计-孕前优生检查系统\system\pregnancy_system)
2020-04-25 19:31:08,092 DEBUG (StartupInfoLogger.java:56)- Running with Spring Boot v2.2.6.RELEASE, Spring v5.2.5.RELEASE
2020-04-25 19:31:08,093 INFO (SpringApplication.java:651)- No active profile set, falling back to default profiles: default
2020-04-25 19:31:10,988 INFO (StartupInfoLogger.java:61)- Started PsWebApplication in 3.339 seconds (JVM running for 4.896)
2020-04-25 19:32:15,844 INFO (StartupInfoLogger.java:55)- Starting PsWebApplication on LAPTOP-AJI0RPAF with PID 30616 (E:\作业\长沙大计-孕前优生检查系统\system\pregnancy_system\ps-web\target\classes started by FYQ in E:\作业\长沙大计-孕前优生检查系统\system\pregnancy_system)
2020-04-25 19:32:15,845 DEBUG (StartupInfoLogger.java:56)- Running with Spring Boot v2.2.6.RELEASE, Spring v5.2.5.RELEASE
2020-04-25 19:32:15,846 INFO (SpringApplication.java:651)- No active profile set, falling back to default profiles: default
2020-04-25 19:32:18,891 INFO (StartupInfoLogger.java:61)- Started PsWebApplication in 3.473 seconds (JVM running for 4.945)
2020-04-25 19:53:54,637 INFO (StartupInfoLogger.java:55)- Starting PsWebApplication on LAPTOP-AJI0RPAF with PID 10556 (E:\作业\长沙大计-孕前优生检查系统\system\pregnancy_system\ps-web\target\classes started by FYQ in E:\作业\长沙大计-孕前优生检查系统\system\pregnancy_system)
2020-04-25 19:53:54,638 DEBUG (StartupInfoLogger.java:56)- Running with Spring Boot v2.2.6.RELEASE, Spring v5.2.5.RELEASE
2020-04-25 19:53:54,639 INFO (SpringApplication.java:651)- No active profile set, falling back to default profiles: default
2020-04-25 19:53:58,057 INFO (StartupInfoLogger.java:61)- Started PsWebApplication in 3.93 seconds (JVM running for 5.637)
2020-04-25 19:56:12,880 INFO (StartupInfoLogger.java:55)- Starting PsWebApplication on LAPTOP-AJI0RPAF with PID 9656 (E:\作业\长沙大计-孕前优生检查系统\system\pregnancy_system\ps-web\target\classes started by FYQ in E:\作业\长沙大计-孕前优生检查系统\system\pregnancy_system)
2020-04-25 19:56:12,881 DEBUG (StartupInfoLogger.java:56)- Running with Spring Boot v2.2.6.RELEASE, Spring v5.2.5.RELEASE
2020-04-25 19:56:12,882 INFO (SpringApplication.java:651)- No active profile set, falling back to default profiles: default
2020-04-25 19:56:16,260 INFO (StartupInfoLogger.java:61)- Started PsWebApplication in 3.882 seconds (JVM running for 5.705)
2020-04-25 19:56:58,087 INFO (StartupInfoLogger.java:55)- Starting PsWebApplication on LAPTOP-AJI0RPAF with PID 13076 (E:\作业\长沙大计-孕前优生检查系统\system\pregnancy_system\ps-web\target\classes started by FYQ in E:\作业\长沙大计-孕前优生检查系统\system\pregnancy_system)
2020-04-25 19:56:58,090 DEBUG (StartupInfoLogger.java:56)- Running with Spring Boot v2.2.6.RELEASE, Spring v5.2.5.RELEASE
2020-04-25 19:56:58,092 INFO (SpringApplication.java:651)- No active profile set, falling back to default profiles: default
2020-04-25 19:57:01,666 INFO (StartupInfoLogger.java:61)- Started PsWebApplication in 4.067 seconds (JVM running for 5.755)
2020-04-25 19:57:28,536 INFO (StartupInfoLogger.java:55)- Starting PsWebApplication on LAPTOP-AJI0RPAF with PID 30424 (E:\作业\长沙大计-孕前优生检查系统\system\pregnancy_system\ps-web\target\classes started by FYQ in E:\作业\长沙大计-孕前优生检查系统\system\pregnancy_system)
2020-04-25 19:57:28,537 DEBUG (StartupInfoLogger.java:56)- Running with Spring Boot v2.2.6.RELEASE, Spring v5.2.5.RELEASE
2020-04-25 19:57:28,538 INFO (SpringApplication.java:651)- No active profile set, falling back to default profiles: default
2020-04-25 19:57:32,009 INFO (StartupInfoLogger.java:61)- Started PsWebApplication in 3.977 seconds (JVM running for 5.622)
2020-04-25 19:59:46,441 INFO (StartupInfoLogger.java:55)- Starting PsWebApplication on LAPTOP-AJI0RPAF with PID 13228 (E:\作业\长沙大计-孕前优生检查系统\system\pregnancy_system\ps-web\target\classes started by FYQ in E:\作业\长沙大计-孕前优生检查系统\system\pregnancy_system)
2020-04-25 19:59:46,442 DEBUG (StartupInfoLogger.java:56)- Running with Spring Boot v2.2.6.RELEASE, Spring v5.2.5.RELEASE
2020-04-25 19:59:46,443 INFO (SpringApplication.java:651)- No active profile set, falling back to default profiles: default
2020-04-25 19:59:49,855 INFO (StartupInfoLogger.java:61)- Started PsWebApplication in 3.885 seconds (JVM running for 5.549)
2020-04-25 20:00:17,523 INFO (StartupInfoLogger.java:55)- Starting PsWebApplication on LAPTOP-AJI0RPAF with PID 10372 (E:\作业\长沙大计-孕前优生检查系统\system\pregnancy_system\ps-web\target\classes started by FYQ in E:\作业\长沙大计-孕前优生检查系统\system\pregnancy_system)
2020-04-25 20:00:17,527 DEBUG (StartupInfoLogger.java:56)- Running with Spring Boot v2.2.6.RELEASE, Spring v5.2.5.RELEASE
2020-04-25 20:00:17,529 INFO (SpringApplication.java:651)- No active profile set, falling back to default profiles: default
2020-04-25 20:00:21,738 INFO (StartupInfoLogger.java:61)- Started PsWebApplication in 4.835 seconds (JVM running for 7.958)
2020-04-25 20:04:43,233 INFO (StartupInfoLogger.java:55)- Starting PsWebApplication on LAPTOP-AJI0RPAF with PID 19920 (E:\作业\长沙大计-孕前优生检查系统\system\pregnancy_system\ps-web\target\classes started by FYQ in E:\作业\长沙大计-孕前优生检查系统\system\pregnancy_system)
2020-04-25 20:04:43,234 DEBUG (StartupInfoLogger.java:56)- Running with Spring Boot v2.2.6.RELEASE, Spring v5.2.5.RELEASE
2020-04-25 20:04:43,235 INFO (SpringApplication.java:651)- No active profile set, falling back to default profiles: default
2020-04-25 20:04:47,526 INFO (StartupInfoLogger.java:61)- Started PsWebApplication in 4.831 seconds (JVM running for 6.528)
2020-04-25 20:04:55,948 INFO (StartupInfoLogger.java:55)- Starting PsWebApplication on LAPTOP-AJI0RPAF with PID 7220 (E:\作业\长沙大计-孕前优生检查系统\system\pregnancy_system\ps-web\target\classes started by FYQ in E:\作业\长沙大计-孕前优生检查系统\system\pregnancy_system)
2020-04-25 20:04:55,949 DEBUG (StartupInfoLogger.java:56)- Running with Spring Boot v2.2.6.RELEASE, Spring v5.2.5.RELEASE
2020-04-25 20:04:55,949 INFO (SpringApplication.java:651)- No active profile set, falling back to default profiles: default
2020-04-25 20:04:59,603 INFO (StartupInfoLogger.java:61)- Started PsWebApplication in 4.14 seconds (JVM running for 5.75)
2020-04-25 20:06:31,660 INFO (StartupInfoLogger.java:55)- Starting PsWebApplication on LAPTOP-AJI0RPAF with PID 34768 (E:\作业\长沙大计-孕前优生检查系统\system\pregnancy_system\ps-web\target\classes started by FYQ in E:\作业\长沙大计-孕前优生检查系统\system\pregnancy_system)
2020-04-25 20:06:31,661 DEBUG (StartupInfoLogger.java:56)- Running with Spring Boot v2.2.6.RELEASE, Spring v5.2.5.RELEASE
2020-04-25 20:06:31,662 INFO (SpringApplication.java:651)- No active profile set, falling back to default profiles: default
2020-04-25 20:06:35,239 INFO (StartupInfoLogger.java:61)- Started PsWebApplication in 4.047 seconds (JVM running for 5.791)
2020-04-25 20:07:14,254 INFO (StartupInfoLogger.java:55)- Starting PsWebApplication on LAPTOP-AJI0RPAF with PID 1436 (E:\作业\长沙大计-孕前优生检查系统\system\pregnancy_system\ps-web\target\classes started by FYQ in E:\作业\长沙大计-孕前优生检查系统\system\pregnancy_system)
2020-04-25 20:07:14,254 DEBUG (StartupInfoLogger.java:56)- Running with Spring Boot v2.2.6.RELEASE, Spring v5.2.5.RELEASE
2020-04-25 20:07:14,255 INFO (SpringApplication.java:651)- No active profile set, falling back to default profiles: default
2020-04-25 20:07:17,509 INFO (StartupInfoLogger.java:61)- Started PsWebApplication in 3.811 seconds (JVM running for 5.622)
2020-04-25 20:08:52,542 INFO (StartupInfoLogger.java:55)- Starting PsWebApplication on LAPTOP-AJI0RPAF with PID 29864 (E:\作业\长沙大计-孕前优生检查系统\system\pregnancy_system\ps-web\target\classes started by FYQ in E:\作业\长沙大计-孕前优生检查系统\system\pregnancy_system)
2020-04-25 20:08:52,543 DEBUG (StartupInfoLogger.java:56)- Running with Spring Boot v2.2.6.RELEASE, Spring v5.2.5.RELEASE
2020-04-25 20:08:52,545 INFO (SpringApplication.java:651)- No active profile set, falling back to default profiles: default
2020-04-25 20:08:58,244 INFO (StartupInfoLogger.java:61)- Started PsWebApplication in 6.707 seconds (JVM running for 18.05)
2020-04-25 20:09:44,786 INFO (StartupInfoLogger.java:55)- Starting PsWebApplication on LAPTOP-AJI0RPAF with PID 19040 (E:\作业\长沙大计-孕前优生检查系统\system\pregnancy_system\ps-web\target\classes started by FYQ in E:\作业\长沙大计-孕前优生检查系统\system\pregnancy_system)
2020-04-25 20:09:44,787 DEBUG (StartupInfoLogger.java:56)- Running with Spring Boot v2.2.6.RELEASE, Spring v5.2.5.RELEASE
2020-04-25 20:09:44,788 INFO (SpringApplication.java:651)- No active profile set, falling back to default profiles: default
2020-04-25 20:09:48,660 INFO (StartupInfoLogger.java:61)- Started PsWebApplication in 4.371 seconds (JVM running for 6.079)
2020-04-25 20:10:46,754 INFO (StartupInfoLogger.java:55)- Starting PsWebApplication on LAPTOP-AJI0RPAF with PID 18164 (E:\作业\长沙大计-孕前优生检查系统\system\pregnancy_system\ps-web\target\classes started by FYQ in E:\作业\长沙大计-孕前优生检查系统\system\pregnancy_system)
2020-04-25 20:10:46,760 DEBUG (StartupInfoLogger.java:56)- Running with Spring Boot v2.2.6.RELEASE, Spring v5.2.5.RELEASE
2020-04-25 20:10:46,761 INFO (SpringApplication.java:651)- No active profile set, falling back to default profiles: default
2020-04-25 20:10:50,251 INFO (StartupInfoLogger.java:61)- Started PsWebApplication in 3.999 seconds (JVM running for 6.331)
2020-04-25 20:11:21,013 INFO (StartupInfoLogger.java:55)- Starting PsWebApplication on LAPTOP-AJI0RPAF with PID 30504 (E:\作业\长沙大计-孕前优生检查系统\system\pregnancy_system\ps-web\target\classes started by FYQ in E:\作业\长沙大计-孕前优生检查系统\system\pregnancy_system)
2020-04-25 20:11:21,014 DEBUG (StartupInfoLogger.java:56)- Running with Spring Boot v2.2.6.RELEASE, Spring v5.2.5.RELEASE
2020-04-25 20:11:21,015 INFO (SpringApplication.java:651)- No active profile set, falling back to default profiles: default
2020-04-25 20:11:24,411 INFO (StartupInfoLogger.java:61)- Started PsWebApplication in 3.954 seconds (JVM running for 5.635)
2020-04-25 20:12:43,678 INFO (StartupInfoLogger.java:55)- Starting PsWebApplication on LAPTOP-AJI0RPAF with PID 25116 (E:\作业\长沙大计-孕前优生检查系统\system\pregnancy_system\ps-web\target\classes started by FYQ in E:\作业\长沙大计-孕前优生检查系统\system\pregnancy_system)
2020-04-25 20:12:43,679 DEBUG (StartupInfoLogger.java:56)- Running with Spring Boot v2.2.6.RELEASE, Spring v5.2.5.RELEASE
2020-04-25 20:12:43,680 INFO (SpringApplication.java:651)- No active profile set, falling back to default profiles: default
2020-04-25 20:12:46,979 INFO (StartupInfoLogger.java:61)- Started PsWebApplication in 3.832 seconds (JVM running for 6.176)
2020-04-25 20:15:29,780 INFO (StartupInfoLogger.java:55)- Starting PsWebApplication on LAPTOP-AJI0RPAF with PID 1400 (E:\作业\长沙大计-孕前优生检查系统\system\pregnancy_system\ps-web\target\classes started by FYQ in E:\作业\长沙大计-孕前优生检查系统\system\pregnancy_system)
2020-04-25 20:15:29,780 DEBUG (StartupInfoLogger.java:56)- Running with Spring Boot v2.2.6.RELEASE, Spring v5.2.5.RELEASE
2020-04-25 20:15:29,781 INFO (SpringApplication.java:651)- No active profile set, falling back to default profiles: default
2020-04-25 20:15:32,871 INFO (StartupInfoLogger.java:61)- Started PsWebApplication in 3.497 seconds (JVM running for 5.169)
